<?xml version="1.0" encoding="UTF-8"?>
<!-- Generated by org.testng.reporters.JUnitXMLReporter -->
<testsuite ignored="0" hostname="MOL-LAP-146" failures="0" tests="7" name="TestOnFirefox" time="151.613" errors="0" timestamp="2023-07-19T15:49:12 IST">
  <testcase classname="URL_Check.url_check" name="@BeforeClass setUp" time="150.384">
    <failure type="org.openqa.selenium.SessionNotCreatedException" message="Could not start a new session. Response code 500. Message: Failed to read marionette port 
Host info: host: &amp;apos;MOL-LAP-146&amp;apos;, ip: &amp;apos;172.16.1.68&amp;apos;
Build info: version: &amp;apos;4.10.0&amp;apos;, revision: &amp;apos;c14d967899&amp;apos;
System info: os.name: &amp;apos;Windows 10&amp;apos;, os.arch: &amp;apos;amd64&amp;apos;, os.version: &amp;apos;10.0&amp;apos;, java.version: &amp;apos;17.0.7&amp;apos;
Driver info: org.openqa.selenium.firefox.FirefoxDriver
Command: [null, newSession {capabilities=[Capabilities {acceptInsecureCerts: true, browserName: firefox, moz:debuggerAddress: true, moz:firefoxOptions: {}}]}]">
      <![CDATA[org.openqa.selenium.SessionNotCreatedException: Could not start a new session. Response code 500. Message: Failed to read marionette port 
Host info: host: 'MOL-LAP-146', ip: '172.16.1.68'
Build info: version: '4.10.0', revision: 'c14d967899'
System info: os.name: 'Windows 10', os.arch: 'amd64', os.version: '10.0', java.version: '17.0.7'
Driver info: org.openqa.selenium.firefox.FirefoxDriver
Command: [null, newSession {capabilities=[Capabilities {acceptInsecureCerts: true, browserName: firefox, moz:debuggerAddress: true, moz:firefoxOptions: {}}]}]
at org.openqa.selenium.remote.ProtocolHandshake.createSession(ProtocolHandshake.java:140)
at org.openqa.selenium.remote.ProtocolHandshake.createSession(ProtocolHandshake.java:96)
at org.openqa.selenium.remote.ProtocolHandshake.createSession(ProtocolHandshake.java:68)
at org.openqa.selenium.remote.HttpCommandExecutor.execute(HttpCommandExecutor.java:163)
at org.openqa.selenium.remote.service.DriverCommandExecutor.invokeExecute(DriverCommandExecutor.java:196)
at org.openqa.selenium.remote.service.DriverCommandExecutor.execute(DriverCommandExecutor.java:171)
at org.openqa.selenium.remote.RemoteWebDriver.execute(RemoteWebDriver.java:531)
at org.openqa.selenium.remote.RemoteWebDriver.startSession(RemoteWebDriver.java:227)
at org.openqa.selenium.remote.RemoteWebDriver.<init>(RemoteWebDriver.java:154)
at org.openqa.selenium.firefox.FirefoxDriver.<init>(FirefoxDriver.java:151)
at org.openqa.selenium.firefox.FirefoxDriver.<init>(FirefoxDriver.java:146)
at org.openqa.selenium.firefox.FirefoxDriver.<init>(FirefoxDriver.java:130)
at org.openqa.selenium.firefox.FirefoxDriver.<init>(FirefoxDriver.java:125)
at org.openqa.selenium.firefox.FirefoxDriver.<init>(FirefoxDriver.java:110)
at org.openqa.selenium.firefox.FirefoxDriver.<init>(FirefoxDriver.java:100)
at URL_Check.url_check.setUp(url_check.java:40)
at java.base/java.util.ArrayList.forEach(ArrayList.java:1511)
at java.base/java.util.concurrent.FutureTask.run(FutureTask.java:264)
at java.base/java.util.concurrent.ThreadPoolExecutor.runWorker(ThreadPoolExecutor.java:1136)
at java.base/java.util.concurrent.ThreadPoolExecutor$Worker.run(ThreadPoolExecutor.java:635)
at java.base/java.lang.Thread.run(Thread.java:833)
... Removed 16 stack frames]]>
    </failure>
  </testcase> <!-- @BeforeClass setUp -->
  <testcase classname="URL_Check.url_check" name="@AfterClass tearDown" time="-1.689761951698E9">
    <skipped/>
  </testcase> <!-- @AfterClass tearDown -->
  <testcase classname="URL_Check.url_check" name="CheckingUrlStatus" time="0.0">
    <skipped/>
  </testcase> <!-- CheckingUrlStatus -->
  <testcase classname="URL_Check.url_check" name="CheckingUrlStatus" time="0.0">
    <skipped/>
  </testcase> <!-- CheckingUrlStatus -->
  <testcase classname="URL_Check.url_check" name="CheckingUrlStatus" time="0.0">
    <skipped/>
  </testcase> <!-- CheckingUrlStatus -->
  <testcase classname="URL_Check.url_check" name="CheckingUrlStatus" time="0.0">
    <skipped/>
  </testcase> <!-- CheckingUrlStatus -->
  <testcase classname="URL_Check.url_check" name="CheckingUrlStatus" time="0.0">
    <skipped/>
  </testcase> <!-- CheckingUrlStatus -->
  <testcase classname="URL_Check.url_check" name="CheckingUrlStatus" time="0.0">
    <skipped/>
  </testcase> <!-- CheckingUrlStatus -->
  <testcase classname="URL_Check.url_check" name="CheckingUrlStatus" time="0.0">
    <skipped/>
  </testcase> <!-- CheckingUrlStatus -->
</testsuite> <!-- TestOnFirefox -->
